<?xml version="1.0" encoding="UTF-8"?>
<!-- Generated by org.testng.reporters.JUnitReportReporter -->
<testsuite hostname="Tojos-Mac" failures="0" tests="10" name="testrunner.TestRunner" time="146.731" errors="0" timestamp="2024-02-02T20:27:05 EST" skipped="0">
  <testcase classname="testrunner.TestRunner" name="runScenario" time="26.450"/>
  <testcase classname="testrunner.TestRunner" name="runScenario" time="37.460"/>
  <testcase classname="testrunner.TestRunner" name="runScenario" time="11.846"/>
  <testcase classname="testrunner.TestRunner" name="runScenario" time="4.544"/>
  <testcase classname="testrunner.TestRunner" name="runScenario" time="9.456"/>
  <testcase classname="testrunner.TestRunner" name="runScenario" time="21.928"/>
  <testcase classname="testrunner.TestRunner" name="runScenario" time="15.544"/>
  <testcase classname="testrunner.TestRunner" name="runScenario" time="5.953"/>
  <testcase classname="testrunner.TestRunner" name="runScenario" time="5.565"/>
  <testcase classname="testrunner.TestRunner" name="runScenario" time="7.985"/>
</testsuite> <!-- testrunner.TestRunner -->
