<?xml version="1.0" encoding="UTF-8"?>
<!-- Generated by org.testng.reporters.JUnitReportReporter -->
<testsuite hostname="Tojos-Mac" failures="0" tests="10" name="testrunner.TestRunner" time="82.871" errors="0" timestamp="2024-02-09T02:00:46 EST" skipped="0">
  <testcase classname="testrunner.TestRunner" name="runScenario" time="7.114"/>
  <testcase classname="testrunner.TestRunner" name="runScenario" time="5.410"/>
  <testcase classname="testrunner.TestRunner" name="runScenario" time="6.564"/>
  <testcase classname="testrunner.TestRunner" name="runScenario" time="5.066"/>
  <testcase classname="testrunner.TestRunner" name="runScenario" time="14.519"/>
  <testcase classname="testrunner.TestRunner" name="runScenario" time="16.842"/>
  <testcase classname="testrunner.TestRunner" name="runScenario" time="7.804"/>
  <testcase classname="testrunner.TestRunner" name="runScenario" time="4.309"/>
  <testcase classname="testrunner.TestRunner" name="runScenario" time="10.068"/>
  <testcase classname="testrunner.TestRunner" name="runScenario" time="5.175"/>
</testsuite> <!-- testrunner.TestRunner -->
